<?xml version="1.0" encoding="UTF-8"?>
<robot generator="Robot 4.0rc1 (Python 3.9.1 on darwin)" generated="20210405 20:09:33.998" rpa="false">
<suite id="s1" name="CLIENT PAGE 1 CLIENT NUMBERS" source="/Users/regina.vitalicio/automation2/python/DAY3_VITALICIO_REGINA/TEST/CLIENT/CLIENT_PAGE_1_CLIENT_NUMBERS.robot">
<test id="s1-t1" name="Log Page 1 Client Numbers">
<kw name="Open Browser" library="SELLIB">
<arg>${MIFOS_LOGIN_PAGE_URL}</arg>
<arg>${DEFAULT_BROWSER}</arg>
<doc>Opens a new browser instance to the optional ``url``.</doc>
<msg timestamp="20210405 20:09:34.267" level="INFO">Opening browser 'chrome' to base url 'https://test.qe-360.com:8443/community-app/#/home'.</msg>
<status status="PASS" starttime="20210405 20:09:34.266" endtime="20210405 20:09:38.353"/>
</kw>
<kw name="Sleep" library="BuiltIn">
<arg>${DEFAULT_TIME}</arg>
<doc>Pauses the test executed for the given time.</doc>
<msg timestamp="20210405 20:09:43.356" level="INFO">Slept 5 seconds</msg>
<status status="PASS" starttime="20210405 20:09:38.355" endtime="20210405 20:09:43.356"/>
</kw>
<kw name="Login User" library="MX-PAGE-LOGIN">
<arg>${INPUT_LOGIN['VALID_USERNAME']}</arg>
<arg>${INPUT_LOGIN['VALID_PASSWORD']}</arg>
<kw name="Maximize Browser Window" library="SELLIB">
<doc>Maximizes current browser window.</doc>
<status status="PASS" starttime="20210405 20:09:43.360" endtime="20210405 20:09:43.529"/>
</kw>
<kw name="Wait Until Element Is Visible" library="SELLIB">
<arg>${PAGE_LOGIN['TEXTBOX_USERNAME']}</arg>
<doc>Waits until the element ``locator`` is visible.</doc>
<status status="PASS" starttime="20210405 20:09:43.529" endtime="20210405 20:09:45.315"/>
</kw>
<kw name="Wait Until Element Is Visible" library="SELLIB">
<arg>${PAGE_LOGIN['TEXTBOX_PASSWORD']}</arg>
<doc>Waits until the element ``locator`` is visible.</doc>
<status status="PASS" starttime="20210405 20:09:45.315" endtime="20210405 20:09:45.333"/>
</kw>
<kw name="Wait Until Element Is Visible" library="SELLIB">
<arg>${PAGE_LOGIN['BUTTON_LOGIN']}</arg>
<doc>Waits until the element ``locator`` is visible.</doc>
<status status="PASS" starttime="20210405 20:09:45.333" endtime="20210405 20:09:45.351"/>
</kw>
<kw name="Wait Until Page Contains Element" library="SELLIB">
<arg>${PAGE_LOGIN['TEXTBOX_USERNAME']}</arg>
<doc>Waits until the element ``locator`` appears on the current page.</doc>
<status status="PASS" starttime="20210405 20:09:45.351" endtime="20210405 20:09:45.361"/>
</kw>
<kw name="Wait Until Page Contains Element" library="SELLIB">
<arg>${PAGE_LOGIN['TEXTBOX_PASSWORD']}</arg>
<doc>Waits until the element ``locator`` appears on the current page.</doc>
<status status="PASS" starttime="20210405 20:09:45.362" endtime="20210405 20:09:45.369"/>
</kw>
<kw name="Wait Until Page Contains Element" library="SELLIB">
<arg>${PAGE_LOGIN['BUTTON_LOGIN']}</arg>
<doc>Waits until the element ``locator`` appears on the current page.</doc>
<status status="PASS" starttime="20210405 20:09:45.369" endtime="20210405 20:09:45.378"/>
</kw>
<kw name="Input Text" library="SELLIB">
<arg>${PAGE_LOGIN['TEXTBOX_USERNAME']}</arg>
<arg>${username}</arg>
<doc>Types the given ``text`` into the text field identified by ``locator``.</doc>
<msg timestamp="20210405 20:09:45.379" level="INFO">Typing text 'mifos' into text field 'id:uid'.</msg>
<status status="PASS" starttime="20210405 20:09:45.378" endtime="20210405 20:09:45.538"/>
</kw>
<kw name="Input Password" library="SELLIB">
<arg>${PAGE_LOGIN['TEXTBOX_PASSWORD']}</arg>
<arg>${password}</arg>
<doc>Types the given password into the text field identified by ``locator``.</doc>
<msg timestamp="20210405 20:09:45.539" level="INFO">Typing password into text field 'id:pwd'.</msg>
<msg timestamp="20210405 20:09:45.570" level="INFO">Temporally setting log level to: NONE</msg>
<msg timestamp="20210405 20:09:45.621" level="INFO">Log level changed from NONE to INFO.</msg>
<status status="PASS" starttime="20210405 20:09:45.538" endtime="20210405 20:09:45.622"/>
</kw>
<kw name="Click Button" library="SELLIB">
<arg>${PAGE_LOGIN['BUTTON_LOGIN']}</arg>
<doc>Clicks the button identified by ``locator``.</doc>
<msg timestamp="20210405 20:09:45.623" level="INFO">Clicking button 'id:login-button'.</msg>
<status status="PASS" starttime="20210405 20:09:45.622" endtime="20210405 20:09:45.673"/>
</kw>
<status status="PASS" starttime="20210405 20:09:43.356" endtime="20210405 20:09:45.673"/>
</kw>
<kw name="Wait Until Page Contains" library="SELLIB">
<arg>${SPIELS_LOGIN['VALID_LOGIN_WELCOME_MESSAGE']}</arg>
<doc>Waits until ``text`` appears on the current page.</doc>
<status status="PASS" starttime="20210405 20:09:45.674" endtime="20210405 20:09:46.109"/>
</kw>
<kw name="View Clients Page" library="MX-PAGE-LOGIN">
<kw name="Wait Until Element Is Visible" library="SELLIB">
<arg>${PAGE_CLIENT['TOP_MENU_CLIENTS']}</arg>
<doc>Waits until the element ``locator`` is visible.</doc>
<status status="PASS" starttime="20210405 20:09:46.110" endtime="20210405 20:09:46.129"/>
</kw>
<kw name="Mouse Over" library="SELLIB">
<arg>${PAGE_CLIENT['TOP_MENU_CLIENTS']}</arg>
<doc>Simulates hovering the mouse over the element ``locator``.</doc>
<msg timestamp="20210405 20:09:46.130" level="INFO">Simulating Mouse Over on element 'xpath://ul[@id='main-menu-left']/li/a[normalize-space(.)='Clients']'.</msg>
<status status="PASS" starttime="20210405 20:09:46.129" endtime="20210405 20:09:46.413"/>
</kw>
<kw name="Wait Until Element Is Visible" library="SELLIB">
<arg>${PAGE_CLIENT['SUB_MENU_CLIENTS_LINK']}</arg>
<doc>Waits until the element ``locator`` is visible.</doc>
<status status="PASS" starttime="20210405 20:09:46.413" endtime="20210405 20:09:46.432"/>
</kw>
<kw name="Mouse Over" library="SELLIB">
<arg>${PAGE_CLIENT['SUB_MENU_CLIENTS_LINK']}</arg>
<doc>Simulates hovering the mouse over the element ``locator``.</doc>
<msg timestamp="20210405 20:09:46.434" level="INFO">Simulating Mouse Over on element 'xpath://a[@href='#/clients']'.</msg>
<status status="PASS" starttime="20210405 20:09:46.432" endtime="20210405 20:09:46.703"/>
</kw>
<kw name="Click Element" library="SELLIB">
<arg>${PAGE_CLIENT['SUB_MENU_CLIENTS_LINK']}</arg>
<doc>Click the element identified by ``locator``.</doc>
<msg timestamp="20210405 20:09:46.704" level="INFO">Clicking element 'xpath://a[@href='#/clients']'.</msg>
<status status="PASS" starttime="20210405 20:09:46.703" endtime="20210405 20:09:46.744"/>
</kw>
<kw name="Wait Until Element Is Visible" library="SELLIB">
<arg>${PAGE_CLIENT['TITLE_LIST_OF_CLIENTS']}</arg>
<doc>Waits until the element ``locator`` is visible.</doc>
<status status="PASS" starttime="20210405 20:09:46.745" endtime="20210405 20:09:46.971"/>
</kw>
<kw name="Wait Until Page Contains" library="SELLIB">
<arg>${TEXT_LIST_OF_CLIENTS['TITLE_LIST_OF_CLIENTS']}</arg>
<doc>Waits until ``text`` appears on the current page.</doc>
<status status="PASS" starttime="20210405 20:09:46.972" endtime="20210405 20:09:46.983"/>
</kw>
<kw name="Wait Until Page Contains Element" library="SELLIB">
<arg>${PAGE_CLIENT['SYMBOL_LAST_PAGE_NUMBER']}</arg>
<doc>Waits until the element ``locator`` appears on the current page.</doc>
<status status="PASS" starttime="20210405 20:09:46.983" endtime="20210405 20:09:47.201"/>
</kw>
<status status="PASS" starttime="20210405 20:09:46.109" endtime="20210405 20:09:47.202"/>
</kw>
<kw name="Get Element Count" library="SELLIB">
<var>${client_numbers_count}</var>
<arg>${PAGE_CLIENT['DATA_CLIENT_NUMBER']}</arg>
<doc>Returns the number of elements matching ``locator``.</doc>
<msg timestamp="20210405 20:09:47.213" level="INFO">${client_numbers_count} = 15</msg>
<status status="PASS" starttime="20210405 20:09:47.202" endtime="20210405 20:09:47.213"/>
</kw>
<kw name="Set Variable" library="BuiltIn">
<var>${max_count}</var>
<arg>${client_numbers_count+1}</arg>
<doc>Returns the given values which can then be assigned to a variables.</doc>
<msg timestamp="20210405 20:09:47.214" level="INFO">${max_count} = 16</msg>
<status status="PASS" starttime="20210405 20:09:47.213" endtime="20210405 20:09:47.214"/>
</kw>
<for flavor="IN RANGE">
<var>${index}</var>
<value>1</value>
<value>${max_count}</value>
<iter>
<var name="${index}">1</var>
<kw name="Get Text" library="SELLIB">
<var>${client_number}</var>
<arg>xpath://tr[${index}]/td[2]</arg>
<doc>Returns the text value of the element identified by ``locator``.</doc>
<msg timestamp="20210405 20:09:47.231" level="INFO">${client_number} = 000000016</msg>
<status status="PASS" starttime="20210405 20:09:47.214" endtime="20210405 20:09:47.231"/>
</kw>
<kw name="Log To Console" library="BuiltIn">
<arg>${client_number}</arg>
<doc>Logs the given message to the console.</doc>
<status status="PASS" starttime="20210405 20:09:47.231" endtime="20210405 20:09:47.231"/>
</kw>
<status status="PASS" starttime="20210405 20:09:47.214" endtime="20210405 20:09:47.231"/>
</iter>
<iter>
<var name="${index}">2</var>
<kw name="Get Text" library="SELLIB">
<var>${client_number}</var>
<arg>xpath://tr[${index}]/td[2]</arg>
<doc>Returns the text value of the element identified by ``locator``.</doc>
<msg timestamp="20210405 20:09:47.250" level="INFO">${client_number} = 000000014</msg>
<status status="PASS" starttime="20210405 20:09:47.231" endtime="20210405 20:09:47.251"/>
</kw>
<kw name="Log To Console" library="BuiltIn">
<arg>${client_number}</arg>
<doc>Logs the given message to the console.</doc>
<status status="PASS" starttime="20210405 20:09:47.251" endtime="20210405 20:09:47.251"/>
</kw>
<status status="PASS" starttime="20210405 20:09:47.231" endtime="20210405 20:09:47.251"/>
</iter>
<iter>
<var name="${index}">3</var>
<kw name="Get Text" library="SELLIB">
<var>${client_number}</var>
<arg>xpath://tr[${index}]/td[2]</arg>
<doc>Returns the text value of the element identified by ``locator``.</doc>
<msg timestamp="20210405 20:09:47.272" level="INFO">${client_number} = 000000015</msg>
<status status="PASS" starttime="20210405 20:09:47.251" endtime="20210405 20:09:47.272"/>
</kw>
<kw name="Log To Console" library="BuiltIn">
<arg>${client_number}</arg>
<doc>Logs the given message to the console.</doc>
<status status="PASS" starttime="20210405 20:09:47.272" endtime="20210405 20:09:47.272"/>
</kw>
<status status="PASS" starttime="20210405 20:09:47.251" endtime="20210405 20:09:47.272"/>
</iter>
<iter>
<var name="${index}">4</var>
<kw name="Get Text" library="SELLIB">
<var>${client_number}</var>
<arg>xpath://tr[${index}]/td[2]</arg>
<doc>Returns the text value of the element identified by ``locator``.</doc>
<msg timestamp="20210405 20:09:47.289" level="INFO">${client_number} = 000000003</msg>
<status status="PASS" starttime="20210405 20:09:47.273" endtime="20210405 20:09:47.289"/>
</kw>
<kw name="Log To Console" library="BuiltIn">
<arg>${client_number}</arg>
<doc>Logs the given message to the console.</doc>
<status status="PASS" starttime="20210405 20:09:47.289" endtime="20210405 20:09:47.289"/>
</kw>
<status status="PASS" starttime="20210405 20:09:47.272" endtime="20210405 20:09:47.289"/>
</iter>
<iter>
<var name="${index}">5</var>
<kw name="Get Text" library="SELLIB">
<var>${client_number}</var>
<arg>xpath://tr[${index}]/td[2]</arg>
<doc>Returns the text value of the element identified by ``locator``.</doc>
<msg timestamp="20210405 20:09:47.306" level="INFO">${client_number} = 000000011</msg>
<status status="PASS" starttime="20210405 20:09:47.290" endtime="20210405 20:09:47.306"/>
</kw>
<kw name="Log To Console" library="BuiltIn">
<arg>${client_number}</arg>
<doc>Logs the given message to the console.</doc>
<status status="PASS" starttime="20210405 20:09:47.306" endtime="20210405 20:09:47.307"/>
</kw>
<status status="PASS" starttime="20210405 20:09:47.290" endtime="20210405 20:09:47.307"/>
</iter>
<iter>
<var name="${index}">6</var>
<kw name="Get Text" library="SELLIB">
<var>${client_number}</var>
<arg>xpath://tr[${index}]/td[2]</arg>
<doc>Returns the text value of the element identified by ``locator``.</doc>
<msg timestamp="20210405 20:09:47.322" level="INFO">${client_number} = 000000008</msg>
<status status="PASS" starttime="20210405 20:09:47.307" endtime="20210405 20:09:47.322"/>
</kw>
<kw name="Log To Console" library="BuiltIn">
<arg>${client_number}</arg>
<doc>Logs the given message to the console.</doc>
<status status="PASS" starttime="20210405 20:09:47.323" endtime="20210405 20:09:47.323"/>
</kw>
<status status="PASS" starttime="20210405 20:09:47.307" endtime="20210405 20:09:47.323"/>
</iter>
<iter>
<var name="${index}">7</var>
<kw name="Get Text" library="SELLIB">
<var>${client_number}</var>
<arg>xpath://tr[${index}]/td[2]</arg>
<doc>Returns the text value of the element identified by ``locator``.</doc>
<msg timestamp="20210405 20:09:47.339" level="INFO">${client_number} = 000000006</msg>
<status status="PASS" starttime="20210405 20:09:47.323" endtime="20210405 20:09:47.339"/>
</kw>
<kw name="Log To Console" library="BuiltIn">
<arg>${client_number}</arg>
<doc>Logs the given message to the console.</doc>
<status status="PASS" starttime="20210405 20:09:47.339" endtime="20210405 20:09:47.340"/>
</kw>
<status status="PASS" starttime="20210405 20:09:47.323" endtime="20210405 20:09:47.340"/>
</iter>
<iter>
<var name="${index}">8</var>
<kw name="Get Text" library="SELLIB">
<var>${client_number}</var>
<arg>xpath://tr[${index}]/td[2]</arg>
<doc>Returns the text value of the element identified by ``locator``.</doc>
<msg timestamp="20210405 20:09:47.357" level="INFO">${client_number} = 000000009</msg>
<status status="PASS" starttime="20210405 20:09:47.340" endtime="20210405 20:09:47.357"/>
</kw>
<kw name="Log To Console" library="BuiltIn">
<arg>${client_number}</arg>
<doc>Logs the given message to the console.</doc>
<status status="PASS" starttime="20210405 20:09:47.357" endtime="20210405 20:09:47.357"/>
</kw>
<status status="PASS" starttime="20210405 20:09:47.340" endtime="20210405 20:09:47.357"/>
</iter>
<iter>
<var name="${index}">9</var>
<kw name="Get Text" library="SELLIB">
<var>${client_number}</var>
<arg>xpath://tr[${index}]/td[2]</arg>
<doc>Returns the text value of the element identified by ``locator``.</doc>
<msg timestamp="20210405 20:09:47.373" level="INFO">${client_number} = 000000002</msg>
<status status="PASS" starttime="20210405 20:09:47.357" endtime="20210405 20:09:47.373"/>
</kw>
<kw name="Log To Console" library="BuiltIn">
<arg>${client_number}</arg>
<doc>Logs the given message to the console.</doc>
<status status="PASS" starttime="20210405 20:09:47.373" endtime="20210405 20:09:47.373"/>
</kw>
<status status="PASS" starttime="20210405 20:09:47.357" endtime="20210405 20:09:47.373"/>
</iter>
<iter>
<var name="${index}">10</var>
<kw name="Get Text" library="SELLIB">
<var>${client_number}</var>
<arg>xpath://tr[${index}]/td[2]</arg>
<doc>Returns the text value of the element identified by ``locator``.</doc>
<msg timestamp="20210405 20:09:47.390" level="INFO">${client_number} = 000000017</msg>
<status status="PASS" starttime="20210405 20:09:47.374" endtime="20210405 20:09:47.390"/>
</kw>
<kw name="Log To Console" library="BuiltIn">
<arg>${client_number}</arg>
<doc>Logs the given message to the console.</doc>
<status status="PASS" starttime="20210405 20:09:47.390" endtime="20210405 20:09:47.391"/>
</kw>
<status status="PASS" starttime="20210405 20:09:47.374" endtime="20210405 20:09:47.391"/>
</iter>
<iter>
<var name="${index}">11</var>
<kw name="Get Text" library="SELLIB">
<var>${client_number}</var>
<arg>xpath://tr[${index}]/td[2]</arg>
<doc>Returns the text value of the element identified by ``locator``.</doc>
<msg timestamp="20210405 20:09:47.407" level="INFO">${client_number} = 000000022</msg>
<status status="PASS" starttime="20210405 20:09:47.391" endtime="20210405 20:09:47.407"/>
</kw>
<kw name="Log To Console" library="BuiltIn">
<arg>${client_number}</arg>
<doc>Logs the given message to the console.</doc>
<status status="PASS" starttime="20210405 20:09:47.407" endtime="20210405 20:09:47.407"/>
</kw>
<status status="PASS" starttime="20210405 20:09:47.391" endtime="20210405 20:09:47.407"/>
</iter>
<iter>
<var name="${index}">12</var>
<kw name="Get Text" library="SELLIB">
<var>${client_number}</var>
<arg>xpath://tr[${index}]/td[2]</arg>
<doc>Returns the text value of the element identified by ``locator``.</doc>
<msg timestamp="20210405 20:09:47.423" level="INFO">${client_number} = 000000023</msg>
<status status="PASS" starttime="20210405 20:09:47.407" endtime="20210405 20:09:47.423"/>
</kw>
<kw name="Log To Console" library="BuiltIn">
<arg>${client_number}</arg>
<doc>Logs the given message to the console.</doc>
<status status="PASS" starttime="20210405 20:09:47.423" endtime="20210405 20:09:47.423"/>
</kw>
<status status="PASS" starttime="20210405 20:09:47.407" endtime="20210405 20:09:47.423"/>
</iter>
<iter>
<var name="${index}">13</var>
<kw name="Get Text" library="SELLIB">
<var>${client_number}</var>
<arg>xpath://tr[${index}]/td[2]</arg>
<doc>Returns the text value of the element identified by ``locator``.</doc>
<msg timestamp="20210405 20:09:47.440" level="INFO">${client_number} = 000000010</msg>
<status status="PASS" starttime="20210405 20:09:47.424" endtime="20210405 20:09:47.440"/>
</kw>
<kw name="Log To Console" library="BuiltIn">
<arg>${client_number}</arg>
<doc>Logs the given message to the console.</doc>
<status status="PASS" starttime="20210405 20:09:47.440" endtime="20210405 20:09:47.440"/>
</kw>
<status status="PASS" starttime="20210405 20:09:47.424" endtime="20210405 20:09:47.441"/>
</iter>
<iter>
<var name="${index}">14</var>
<kw name="Get Text" library="SELLIB">
<var>${client_number}</var>
<arg>xpath://tr[${index}]/td[2]</arg>
<doc>Returns the text value of the element identified by ``locator``.</doc>
<msg timestamp="20210405 20:09:47.458" level="INFO">${client_number} = 000000018</msg>
<status status="PASS" starttime="20210405 20:09:47.441" endtime="20210405 20:09:47.458"/>
</kw>
<kw name="Log To Console" library="BuiltIn">
<arg>${client_number}</arg>
<doc>Logs the given message to the console.</doc>
<status status="PASS" starttime="20210405 20:09:47.458" endtime="20210405 20:09:47.459"/>
</kw>
<status status="PASS" starttime="20210405 20:09:47.441" endtime="20210405 20:09:47.459"/>
</iter>
<iter>
<var name="${index}">15</var>
<kw name="Get Text" library="SELLIB">
<var>${client_number}</var>
<arg>xpath://tr[${index}]/td[2]</arg>
<doc>Returns the text value of the element identified by ``locator``.</doc>
<msg timestamp="20210405 20:09:47.477" level="INFO">${client_number} = 000000001</msg>
<status status="PASS" starttime="20210405 20:09:47.459" endtime="20210405 20:09:47.477"/>
</kw>
<kw name="Log To Console" library="BuiltIn">
<arg>${client_number}</arg>
<doc>Logs the given message to the console.</doc>
<status status="PASS" starttime="20210405 20:09:47.477" endtime="20210405 20:09:47.477"/>
</kw>
<status status="PASS" starttime="20210405 20:09:47.459" endtime="20210405 20:09:47.477"/>
</iter>
<status status="PASS" starttime="20210405 20:09:47.214" endtime="20210405 20:09:47.477"/>
</for>
<kw name="Close Browser" library="SELLIB" type="TEARDOWN">
<doc>Closes the current browser.</doc>
<status status="PASS" starttime="20210405 20:09:47.478" endtime="20210405 20:09:47.567"/>
</kw>
<status status="PASS" starttime="20210405 20:09:34.266" endtime="20210405 20:09:47.567"/>
</test>
<status status="PASS" starttime="20210405 20:09:34.000" endtime="20210405 20:09:47.569"/>
</suite>
<statistics>
<total>
<stat pass="1" fail="0" skip="0">All Tests</stat>
</total>
<tag>
</tag>
<suite>
<stat pass="1" fail="0" skip="0" id="s1" name="CLIENT PAGE 1 CLIENT NUMBERS">CLIENT PAGE 1 CLIENT NUMBERS</stat>
</suite>
</statistics>
<errors>
</errors>
</robot>
