<?xml version="1.0" encoding="UTF-8"?>
<robot generator="Robot 4.0rc1 (Python 3.9.1 on darwin)" generated="20210405 21:58:54.622" rpa="false">
<suite id="s1" name="CLIENT PAGE 1 FIRST THREE CLIENT NUMBERS" source="/Users/regina.vitalicio/automation2/python/DAY3_VITALICIO_REGINA/TEST/CLIENT/CLIENT_PAGE_1_FIRST_THREE_CLIENT_NUMBERS.robot">
<test id="s1-t1" name="Log Page 1 First Three Client Numbers">
<kw name="Open Browser" library="SELLIB">
<arg>${MIFOS_LOGIN_PAGE_URL}</arg>
<arg>${DEFAULT_BROWSER}</arg>
<doc>Opens a new browser instance to the optional ``url``.</doc>
<msg timestamp="20210405 21:58:54.907" level="INFO">Opening browser 'chrome' to base url 'https://test.qe-360.com:8443/community-app/#/home'.</msg>
<status status="PASS" starttime="20210405 21:58:54.907" endtime="20210405 21:59:03.534"/>
</kw>
<kw name="Sleep" library="BuiltIn">
<arg>${DEFAULT_TIME}</arg>
<doc>Pauses the test executed for the given time.</doc>
<msg timestamp="20210405 21:59:08.538" level="INFO">Slept 5 seconds</msg>
<status status="PASS" starttime="20210405 21:59:03.535" endtime="20210405 21:59:08.538"/>
</kw>
<kw name="Login User" library="MX-PAGE-LOGIN">
<arg>${INPUT_LOGIN['VALID_USERNAME']}</arg>
<arg>${INPUT_LOGIN['VALID_PASSWORD']}</arg>
<kw name="Maximize Browser Window" library="SELLIB">
<doc>Maximizes current browser window.</doc>
<status status="PASS" starttime="20210405 21:59:08.542" endtime="20210405 21:59:08.744"/>
</kw>
<kw name="Wait Until Element Is Visible" library="SELLIB">
<arg>${PAGE_LOGIN['TEXTBOX_USERNAME']}</arg>
<doc>Waits until the element ``locator`` is visible.</doc>
<status status="PASS" starttime="20210405 21:59:08.744" endtime="20210405 21:59:08.775"/>
</kw>
<kw name="Wait Until Element Is Visible" library="SELLIB">
<arg>${PAGE_LOGIN['TEXTBOX_PASSWORD']}</arg>
<doc>Waits until the element ``locator`` is visible.</doc>
<status status="PASS" starttime="20210405 21:59:08.775" endtime="20210405 21:59:08.795"/>
</kw>
<kw name="Wait Until Element Is Visible" library="SELLIB">
<arg>${PAGE_LOGIN['BUTTON_LOGIN']}</arg>
<doc>Waits until the element ``locator`` is visible.</doc>
<status status="PASS" starttime="20210405 21:59:08.796" endtime="20210405 21:59:08.810"/>
</kw>
<kw name="Wait Until Page Contains Element" library="SELLIB">
<arg>${PAGE_LOGIN['TEXTBOX_USERNAME']}</arg>
<doc>Waits until the element ``locator`` appears on the current page.</doc>
<status status="PASS" starttime="20210405 21:59:08.810" endtime="20210405 21:59:08.816"/>
</kw>
<kw name="Wait Until Page Contains Element" library="SELLIB">
<arg>${PAGE_LOGIN['TEXTBOX_PASSWORD']}</arg>
<doc>Waits until the element ``locator`` appears on the current page.</doc>
<status status="PASS" starttime="20210405 21:59:08.816" endtime="20210405 21:59:08.821"/>
</kw>
<kw name="Wait Until Page Contains Element" library="SELLIB">
<arg>${PAGE_LOGIN['BUTTON_LOGIN']}</arg>
<doc>Waits until the element ``locator`` appears on the current page.</doc>
<status status="PASS" starttime="20210405 21:59:08.821" endtime="20210405 21:59:08.826"/>
</kw>
<kw name="Input Text" library="SELLIB">
<arg>${PAGE_LOGIN['TEXTBOX_USERNAME']}</arg>
<arg>${username}</arg>
<doc>Types the given ``text`` into the text field identified by ``locator``.</doc>
<msg timestamp="20210405 21:59:08.827" level="INFO">Typing text 'mifos' into text field 'id:uid'.</msg>
<status status="PASS" starttime="20210405 21:59:08.826" endtime="20210405 21:59:08.934"/>
</kw>
<kw name="Input Password" library="SELLIB">
<arg>${PAGE_LOGIN['TEXTBOX_PASSWORD']}</arg>
<arg>${password}</arg>
<doc>Types the given password into the text field identified by ``locator``.</doc>
<msg timestamp="20210405 21:59:08.935" level="INFO">Typing password into text field 'id:pwd'.</msg>
<msg timestamp="20210405 21:59:08.976" level="INFO">Temporally setting log level to: NONE</msg>
<msg timestamp="20210405 21:59:09.019" level="INFO">Log level changed from NONE to INFO.</msg>
<status status="PASS" starttime="20210405 21:59:08.934" endtime="20210405 21:59:09.019"/>
</kw>
<kw name="Click Button" library="SELLIB">
<arg>${PAGE_LOGIN['BUTTON_LOGIN']}</arg>
<doc>Clicks the button identified by ``locator``.</doc>
<msg timestamp="20210405 21:59:09.020" level="INFO">Clicking button 'id:login-button'.</msg>
<status status="PASS" starttime="20210405 21:59:09.019" endtime="20210405 21:59:09.072"/>
</kw>
<status status="PASS" starttime="20210405 21:59:08.539" endtime="20210405 21:59:09.072"/>
</kw>
<kw name="Wait Until Page Contains" library="SELLIB">
<arg>${SPIELS_LOGIN['VALID_LOGIN_WELCOME_MESSAGE']}</arg>
<doc>Waits until ``text`` appears on the current page.</doc>
<status status="PASS" starttime="20210405 21:59:09.073" endtime="20210405 21:59:09.924"/>
</kw>
<kw name="View Clients Page" library="MX-PAGE-LOGIN">
<kw name="Wait Until Element Is Visible" library="SELLIB">
<arg>${PAGE_CLIENT['TOP_MENU_CLIENTS']}</arg>
<doc>Waits until the element ``locator`` is visible.</doc>
<status status="PASS" starttime="20210405 21:59:09.925" endtime="20210405 21:59:09.967"/>
</kw>
<kw name="Mouse Over" library="SELLIB">
<arg>${PAGE_CLIENT['TOP_MENU_CLIENTS']}</arg>
<doc>Simulates hovering the mouse over the element ``locator``.</doc>
<msg timestamp="20210405 21:59:09.968" level="INFO">Simulating Mouse Over on element 'xpath://ul[@id='main-menu-left']/li/a[normalize-space(.)='Clients']'.</msg>
<status status="PASS" starttime="20210405 21:59:09.967" endtime="20210405 21:59:10.258"/>
</kw>
<kw name="Wait Until Element Is Visible" library="SELLIB">
<arg>${PAGE_CLIENT['SUB_MENU_CLIENTS_LINK']}</arg>
<doc>Waits until the element ``locator`` is visible.</doc>
<status status="PASS" starttime="20210405 21:59:10.258" endtime="20210405 21:59:10.281"/>
</kw>
<kw name="Mouse Over" library="SELLIB">
<arg>${PAGE_CLIENT['SUB_MENU_CLIENTS_LINK']}</arg>
<doc>Simulates hovering the mouse over the element ``locator``.</doc>
<msg timestamp="20210405 21:59:10.283" level="INFO">Simulating Mouse Over on element 'xpath://a[@href='#/clients']'.</msg>
<status status="PASS" starttime="20210405 21:59:10.281" endtime="20210405 21:59:10.551"/>
</kw>
<kw name="Click Element" library="SELLIB">
<arg>${PAGE_CLIENT['SUB_MENU_CLIENTS_LINK']}</arg>
<doc>Click the element identified by ``locator``.</doc>
<msg timestamp="20210405 21:59:10.553" level="INFO">Clicking element 'xpath://a[@href='#/clients']'.</msg>
<status status="PASS" starttime="20210405 21:59:10.552" endtime="20210405 21:59:10.596"/>
</kw>
<kw name="Wait Until Element Is Visible" library="SELLIB">
<arg>${PAGE_CLIENT['TITLE_LIST_OF_CLIENTS']}</arg>
<doc>Waits until the element ``locator`` is visible.</doc>
<status status="PASS" starttime="20210405 21:59:10.596" endtime="20210405 21:59:10.824"/>
</kw>
<kw name="Wait Until Page Contains" library="SELLIB">
<arg>${TEXT_LIST_OF_CLIENTS['TITLE_LIST_OF_CLIENTS']}</arg>
<doc>Waits until ``text`` appears on the current page.</doc>
<status status="PASS" starttime="20210405 21:59:10.824" endtime="20210405 21:59:10.833"/>
</kw>
<kw name="Wait Until Page Contains Element" library="SELLIB">
<arg>${PAGE_CLIENT['SYMBOL_LAST_PAGE_NUMBER']}</arg>
<doc>Waits until the element ``locator`` appears on the current page.</doc>
<status status="PASS" starttime="20210405 21:59:10.833" endtime="20210405 21:59:11.257"/>
</kw>
<status status="PASS" starttime="20210405 21:59:09.925" endtime="20210405 21:59:11.258"/>
</kw>
<kw name="Log To Console the Page 1 First Three Client Numbers">
<for flavor="IN RANGE">
<var>${index}</var>
<value>1</value>
<value>4</value>
<iter>
<var name="${index}">1</var>
<kw name="Get Text" library="SELLIB">
<var>${client_number}</var>
<arg>xpath://tr[${index}]/td[2]</arg>
<doc>Returns the text value of the element identified by ``locator``.</doc>
<msg timestamp="20210405 21:59:11.280" level="INFO">${client_number} = 000000016</msg>
<status status="PASS" starttime="20210405 21:59:11.260" endtime="20210405 21:59:11.280"/>
</kw>
<kw name="Log To Console" library="BuiltIn">
<arg>${\n}${client_number}</arg>
<doc>Logs the given message to the console.</doc>
<status status="PASS" starttime="20210405 21:59:11.280" endtime="20210405 21:59:11.280"/>
</kw>
<status status="PASS" starttime="20210405 21:59:11.260" endtime="20210405 21:59:11.280"/>
</iter>
<iter>
<var name="${index}">2</var>
<kw name="Get Text" library="SELLIB">
<var>${client_number}</var>
<arg>xpath://tr[${index}]/td[2]</arg>
<doc>Returns the text value of the element identified by ``locator``.</doc>
<msg timestamp="20210405 21:59:11.298" level="INFO">${client_number} = 000000014</msg>
<status status="PASS" starttime="20210405 21:59:11.281" endtime="20210405 21:59:11.298"/>
</kw>
<kw name="Log To Console" library="BuiltIn">
<arg>${\n}${client_number}</arg>
<doc>Logs the given message to the console.</doc>
<status status="PASS" starttime="20210405 21:59:11.298" endtime="20210405 21:59:11.298"/>
</kw>
<status status="PASS" starttime="20210405 21:59:11.280" endtime="20210405 21:59:11.298"/>
</iter>
<iter>
<var name="${index}">3</var>
<kw name="Get Text" library="SELLIB">
<var>${client_number}</var>
<arg>xpath://tr[${index}]/td[2]</arg>
<doc>Returns the text value of the element identified by ``locator``.</doc>
<msg timestamp="20210405 21:59:11.315" level="INFO">${client_number} = 000000015</msg>
<status status="PASS" starttime="20210405 21:59:11.299" endtime="20210405 21:59:11.315"/>
</kw>
<kw name="Log To Console" library="BuiltIn">
<arg>${\n}${client_number}</arg>
<doc>Logs the given message to the console.</doc>
<status status="PASS" starttime="20210405 21:59:11.315" endtime="20210405 21:59:11.315"/>
</kw>
<status status="PASS" starttime="20210405 21:59:11.298" endtime="20210405 21:59:11.315"/>
</iter>
<status status="PASS" starttime="20210405 21:59:11.259" endtime="20210405 21:59:11.315"/>
</for>
<status status="PASS" starttime="20210405 21:59:11.259" endtime="20210405 21:59:11.316"/>
</kw>
<kw name="Close Browser" library="SELLIB" type="TEARDOWN">
<doc>Closes the current browser.</doc>
<status status="PASS" starttime="20210405 21:59:11.316" endtime="20210405 21:59:11.405"/>
</kw>
<status status="PASS" starttime="20210405 21:58:54.906" endtime="20210405 21:59:11.405"/>
</test>
<status status="PASS" starttime="20210405 21:58:54.623" endtime="20210405 21:59:11.406"/>
</suite>
<statistics>
<total>
<stat pass="1" fail="0" skip="0">All Tests</stat>
</total>
<tag>
</tag>
<suite>
<stat pass="1" fail="0" skip="0" id="s1" name="CLIENT PAGE 1 FIRST THREE CLIENT NUMBERS">CLIENT PAGE 1 FIRST THREE CLIENT NUMBERS</stat>
</suite>
</statistics>
<errors>
</errors>
</robot>
